2022-07-01 05:32:58-Finding boman.yaml file
2022-07-01 05:32:58-Config yaml file found
2022-07-01 05:32:58-Prasing and Validating the config yaml file
2022-07-01 05:32:58-SAST is properly configured with ['ruby'] and ready to scan
2022-07-01 05:32:58-DAST was not properly defined in the config.
2022-07-01 05:32:58-Ignoring DAST, Please provide all mandatory inputs incase you like to run DAST scan.
2022-07-01 05:32:58-SCA was not properly defined in the config
2022-07-01 05:32:58-Ignoring SCA, Please provide all mandatory inputs incase you like to run SCA scan.
2022-07-01 05:32:58-Secret scanning is not properly configured. Cant read the Secret_Scan configuration.
2022-07-01 05:33:20-Testing Boman.ai Server
2022-07-01 05:33:20-Starting new HTTPS connection (1): devapi.boman.ai:443
2022-07-01 05:33:22-https://devapi.boman.ai:443 "GET /api/app/ping HTTP/1.1" 200 None
2022-07-01 05:33:22-Server is reachable 
2022-07-01 05:33:42-New Scan has been Initiated
2022-07-01 05:33:42-Checking for Docker in the Env
2022-07-01 05:33:42-http://localhost:None "GET /v1.41/_ping HTTP/1.1" 200 2
2022-07-01 05:33:42-Docker is running in the Environment
2022-07-01 05:33:42-Finding boman.yaml file
2022-07-01 05:33:42-Config yaml file found
2022-07-01 05:33:42-Prasing and Validating the config yaml file
2022-07-01 05:33:42-SAST is properly configured with ['ruby'] and ready to scan
2022-07-01 05:33:42-DAST was not properly defined in the config.
2022-07-01 05:33:42-Ignoring DAST, Please provide all mandatory inputs incase you like to run DAST scan.
2022-07-01 05:33:42-SCA was not properly defined in the config
2022-07-01 05:33:42-Ignoring SCA, Please provide all mandatory inputs incase you like to run SCA scan.
2022-07-01 05:33:42-Secret scanning is not properly configured. Cant read the Secret_Scan configuration.
2022-07-01 05:33:42-Testing Boman.ai Server
2022-07-01 05:33:42-Starting new HTTPS connection (1): devapi.boman.ai:443
2022-07-01 05:33:44-https://devapi.boman.ai:443 "GET /api/app/ping HTTP/1.1" 200 None
2022-07-01 05:33:44-Server is reachable 
2022-07-01 05:33:44-Authenticating with boman server
2022-07-01 05:33:44-Starting new HTTPS connection (1): devapi.boman.ai:443
2022-07-01 05:33:48-https://devapi.boman.ai:443 "POST /api/app/authorize HTTP/1.1" 200 None
2022-07-01 05:33:48-Authentication Done
2022-07-01 05:33:48-Sikping secret scanning, since there is no git found in the directory /root/sast_apps/railsgoat/
2022-07-01 05:33:48-Preparing SAST Scan
2022-07-01 05:33:48-Working directory is /root/sast_apps/railsgoat/
2022-07-01 05:33:48-Detected Language is : ['ruby']
2022-07-01 05:33:48-Counting the lines of code of the given language. Found: /root/sast_apps/railsgoat/
2022-07-01 05:33:48-Loc found in the /root/sast_apps/railsgoat/ : 0
2022-07-01 05:33:48-Running all the scans/docker with the user 0:0
2022-07-01 05:33:48-http://localhost:None "GET /v1.41/images/json?only_ids=0&all=0 HTTP/1.1" 200 764
2022-07-01 05:33:48-http://localhost:None "GET /v1.41/images/sha256:a605ac60aa0efbc867d766c86c5daa3522f804283002bd070f37c45ecd862d97/json HTTP/1.1" 200 None
2022-07-01 05:33:48-http://localhost:None "GET /v1.41/images/sha256:9da48b689c91446e376c2600f4dd33c43da74182e9f785d7d250f6927e9cb8ed/json HTTP/1.1" 200 None
2022-07-01 05:33:48-Checking the scanner image (bomanai/brakeman:latest) locally
2022-07-01 05:33:48-Image is not present in the local machine
2022-07-01 05:33:48-Pulling the required image [bomanai/brakeman:latest]
2022-07-01 05:33:48-Looking for auth config
2022-07-01 05:33:48-No auth config in memory - loading from filesystem
2022-07-01 05:33:48-Trying paths: ['/root/.docker/config.json', '/root/.dockercfg']
2022-07-01 05:33:48-No config file found
2022-07-01 05:33:48-Looking for auth entry for 'docker.io'
2022-07-01 05:33:48-No entry found
2022-07-01 05:33:48-No auth config found
2022-07-01 05:33:53-http://localhost:None "POST /v1.41/images/create?tag=latest&fromImage=bomanai%2Fbrakeman HTTP/1.1" 200 None
2022-07-01 05:34:04-http://localhost:None "GET /v1.41/images/bomanai/brakeman:latest/json HTTP/1.1" 200 None
2022-07-01 05:34:04-Running Brakeman in the repository
2022-07-01 05:34:05-http://localhost:None "POST /v1.41/containers/create HTTP/1.1" 201 88
2022-07-01 05:34:05-http://localhost:None "GET /v1.41/containers/720aeb2edc50cdab6bd885806c5c7233b45d92c55acbe1f1dc20c197ee8155cc/json HTTP/1.1" 200 None
2022-07-01 05:34:06-http://localhost:None "POST /v1.41/containers/720aeb2edc50cdab6bd885806c5c7233b45d92c55acbe1f1dc20c197ee8155cc/start HTTP/1.1" 204 0
2022-07-01 05:34:06-http://localhost:None "GET /v1.41/containers/720aeb2edc50cdab6bd885806c5c7233b45d92c55acbe1f1dc20c197ee8155cc/logs?stderr=0&stdout=1&timestamps=0&follow=1&tail=all HTTP/1.1" 200 None
2022-07-01 05:34:06-http://localhost:None "GET /v1.41/containers/720aeb2edc50cdab6bd885806c5c7233b45d92c55acbe1f1dc20c197ee8155cc/json HTTP/1.1" 200 None
2022-07-01 05:34:06-http://localhost:None "POST /v1.41/containers/720aeb2edc50cdab6bd885806c5c7233b45d92c55acbe1f1dc20c197ee8155cc/wait HTTP/1.1" 200 None
2022-07-01 05:34:10-http://localhost:None "GET /v1.41/containers/720aeb2edc50cdab6bd885806c5c7233b45d92c55acbe1f1dc20c197ee8155cc/logs?stderr=1&stdout=0&timestamps=0&follow=0&tail=all HTTP/1.1" 200 None
2022-07-01 05:34:10-http://localhost:None "GET /v1.41/containers/720aeb2edc50cdab6bd885806c5c7233b45d92c55acbe1f1dc20c197ee8155cc/json HTTP/1.1" 200 None
2022-07-01 05:34:10-[WARNING]: Some Error recorded while scanning Brakeman
2022-07-01 05:34:10-Command '-o boman_brakeman.json' in image 'bomanai/brakeman:latest' returned non-zero exit status 3: b"Loading scanner...\nProcessing application in /code\nProcessing gems...                    \n[Notice] Detected Rails 6 application\nProcessing configuration...           \n[Notice] Escaping HTML by default\nParsing files...                      \nDetecting file types...               \nProcessing initializers...            \n 0/10 files processed\r 1/10 files processed\r 2/10 files processed\r 3/10 files processed\r 4/10 files processed\r 5/10 files processed\r 6/10 files processed\r 7/10 files processed\r 8/10 files processed\r 9/10 files processed\rProcessing libs...                    \n 0/25 files processed\r 1/25 files processed\r 2/25 files processed\r 3/25 files processed\r 4/25 files processed\r 5/25 files processed\r 6/25 files processed\r 7/25 files processed\r 8/25 files processed\r 9/25 files processed\r 10/25 files processed\r 11/25 files processed\r 12/25 files processed\r 13/25 files processed\r 14/25 files processed\r 15/25 files processed\r 16/25 files processed\r 17/25 files processed\r 18/25 files processed\r 19/25 files processed\r 20/25 files processed\r 21/25 files processed\r 22/25 files processed\r 23/25 files processed\r 24/25 files processed\rProcessing routes...                  \nProcessing templates...               \n 0/27 templates processed\r 1/27 templates processed\r 2/27 templates processed\r 3/27 templates processed\r 4/27 templates processed\r 5/27 templates processed\r 6/27 templates processed\r 7/27 templates processed\r 8/27 templates processed\r 9/27 templates processed\r 10/27 templates processed\r 11/27 templates processed\r 12/27 templates processed\r 13/27 templates processed\r 14/27 templates processed\r 15/27 templates processed\r 16/27 templates processed\r 17/27 templates processed\r 18/27 templates processed\r 19/27 templates processed\r 20/27 templates processed\r 21/27 templates processed\r 22/27 templates processed\r 23/27 templates processed\r 24/27 templates processed\r 25/27 templates processed\r 26/27 templates processed\rProcessing data flow in templates...  \n 0/27 templates processed\r 1/27 templates processed\r 2/27 templates processed\r 3/27 templates processed\r 4/27 templates processed\r 5/27 templates processed\r 6/27 templates processed\r 7/27 templates processed\r 8/27 templates processed\r 9/27 templates processed\r 10/27 templates processed\r 11/27 templates processed\r 12/27 templates processed\r 13/27 templates processed\r 14/27 templates processed\r 15/27 templates processed\r 16/27 templates processed\r 17/27 templates processed\r 18/27 templates processed\r 19/27 templates processed\r 20/27 templates processed\r 21/27 templates processed\r 22/27 templates processed\r 23/27 templates processed\r 24/27 templates processed\r 25/27 templates processed\r 26/27 templates processed\rProcessing models...                  \n 0/12 files processed\r 1/12 files processed\r 2/12 files processed\r 3/12 files processed\r 4/12 files processed\r 5/12 files processed\r 6/12 files processed\r 7/12 files processed\r 8/12 files processed\r 9/12 files processed\r 10/12 files processed\r 11/12 files processed\rProcessing controllers...             \n 0/17 files processed\r 1/17 files processed\r 2/17 files processed\r 3/17 files processed\r 4/17 files processed\r 5/17 files processed\r 6/17 files processed\r 7/17 files processed\r 8/17 files processed\r 9/17 files processed\r 10/17 files processed\r 11/17 files processed\r 12/17 files processed\r 13/17 files processed\r 14/17 files processed\r 15/17 files processed\r 16/17 files processed\rProcessing data flow in controllers...\n 0/17 controllers processed\r 1/17 controllers processed\r 2/17 controllers processed\r 3/17 controllers processed\r 4/17 controllers processed\r 5/17 controllers processed\r 6/17 controllers processed\r 7/17 controllers processed\r 8/17 controllers processed\r 9/17 controllers processed\r 10/17 controllers processed\r 11/17 controllers processed\r 12/17 controllers processed\r 13/17 controllers processed\r 14/17 controllers processed\r 15/17 controllers processed\r 16/17 controllers processed\rIndexing call sites...                \nRunning checks in parallel...\n - CheckBasicAuth\n - CheckBasicAuthTimingAttack\n - CheckCrossSiteScripting\n - CheckContentTag\n - CheckCookieSerialization\n - CheckCreateWith\n - CheckCSRFTokenForgeryCVE\n - CheckDefaultRoutes\n - CheckDeserialize\n - CheckDetailedExceptions\n - CheckDigestDoS\n - CheckDynamicFinders\n - CheckEOLRails\n - CheckEOLRuby\n - CheckEscapeFunction\n - CheckEvaluation\n - CheckExecute\n - CheckFileAccess\n - CheckFileDisclosure\n - CheckFilterSkipping\n - CheckForgerySetting\n - CheckHeaderDoS\n - CheckI18nXSS\n - CheckJRubyXML\n - CheckJSONEncoding\n - CheckJSONEntityEscape\n - CheckJSONParsing\n - CheckLinkTo\n - CheckLinkToHref\n - CheckMailTo\n - CheckMassAssignment\n - CheckMimeTypeDoS\n - CheckModelAttrAccessible\n - CheckModelAttributes\n - CheckModelSerialize\n - CheckNestedAttributes\n - CheckNestedAttributesBypass\n - CheckNumberToCurrency\n - CheckPageCachingCVE\n - CheckPermitAttributes\n - CheckQuoteTableName\n - CheckRedirect\n - CheckRegexDoS\n - CheckRender\n - CheckRenderDoS\n - CheckRenderInline\n - CheckResponseSplitting\n - CheckRouteDoS\n - CheckSafeBufferManipulation\n - CheckSanitizeMethods\n - CheckSelectTag\n - CheckSelectVulnerability\n - CheckSend\n - CheckSendFile\n - CheckSessionManipulation\n - CheckSessionSettings\n - CheckSimpleFormat\n - CheckSingleQuotes\n - CheckSkipBeforeFilter\n - CheckSprocketsPathTraversal\n - CheckSQL\n - CheckSQLCVEs\n - CheckSSLVerify\n - CheckStripTags\n - CheckSymbolDoSCVE\n - CheckTemplateInjection\n - CheckTranslateBug\n - CheckUnsafeReflection\n - CheckUnsafeReflectionMethods\n - CheckValidationRegex\n - CheckVerbConfusion\n - CheckWithoutProtection\n - CheckXMLDoS\n - CheckYAMLParsing\nChecks finished, collecting results...\nGenerating report...\nReport saved in 'boman_brakeman.json'\n"
2022-07-01 05:34:10-Uploading Brakeman report with filename: boman_brakeman.json
2022-07-01 05:34:10-fetching the boman_brakeman.json file from the directory /root/sast_apps/railsgoat/
2022-07-01 05:34:10-Starting new HTTPS connection (1): devapi.boman.ai:443
2022-07-01 05:34:12-https://devapi.boman.ai:443 "POST /api/scan/upload/results HTTP/1.1" 200 None
2022-07-01 05:34:12-[COMPLETED]: Brakeman Report uploaded Successfully! Report Name: boman_brakeman.json
2022-07-01 05:34:12-Ignoring DAST scan
2022-07-01 05:34:12-Ignoring SCA scan
2022-07-01 05:34:12-################################ BOMAN Scanning Done ################################
2022-07-01 05:34:12-#####################################################################################
2022-07-01 05:34:12----------------------------------------------------------------------------------------------------------------
2022-07-01 05:34:12---------------------------  SUMMARY FOR SCAN: #SCAN-40001-314  -----------------------------------------------
2022-07-01 05:34:12----------------------------------------------------------------------------------------------------------------
2022-07-01 05:34:12--------- SAST STATUS ---------
2022-07-01 05:34:12-SCAN STATUS: Completed
2022-07-01 05:34:12-UPLOAD STATUS: Completed
2022-07-01 05:34:12-SCAN MESSAGE : Scan is completed
2022-07-01 05:34:12-ERRORS: ('Unrecongnized error recorded while scanning, [message from tool', 'Command \'-o boman_brakeman.json\' in image \'bomanai/brakeman:latest\' returned non-zero exit status 3: b"Loading scanner...\\nProcessing application in /code\\nProcessing gems...                    \\n[Notice] Detected Rails 6 application\\nProcessing configuration...           \\n[Notice] Escaping HTML by default\\nParsing files...                      \\nDetecting file types...               \\nProcessing initializers...            \\n 0/10 files processed\\r 1/10 files processed\\r 2/10 files processed\\r 3/10 files processed\\r 4/10 files processed\\r 5/10 files processed\\r 6/10 files processed\\r 7/10 files processed\\r 8/10 files processed\\r 9/10 files processed\\rProcessing libs...                    \\n 0/25 files processed\\r 1/25 files processed\\r 2/25 files processed\\r 3/25 files processed\\r 4/25 files processed\\r 5/25 files processed\\r 6/25 files processed\\r 7/25 files processed\\r 8/25 files processed\\r 9/25 files processed\\r 10/25 files processed\\r 11/25 files processed\\r 12/25 files processed\\r 13/25 files processed\\r 14/25 files processed\\r 15/25 files processed\\r 16/25 files processed\\r 17/25 files processed\\r 18/25 files processed\\r 19/25 files processed\\r 20/25 files processed\\r 21/25 files processed\\r 22/25 files processed\\r 23/25 files processed\\r 24/25 files processed\\rProcessing routes...                  \\nProcessing templates...               \\n 0/27 templates processed\\r 1/27 templates processed\\r 2/27 templates processed\\r 3/27 templates processed\\r 4/27 templates processed\\r 5/27 templates processed\\r 6/27 templates processed\\r 7/27 templates processed\\r 8/27 templates processed\\r 9/27 templates processed\\r 10/27 templates processed\\r 11/27 templates processed\\r 12/27 templates processed\\r 13/27 templates processed\\r 14/27 templates processed\\r 15/27 templates processed\\r 16/27 templates processed\\r 17/27 templates processed\\r 18/27 templates processed\\r 19/27 templates processed\\r 20/27 templates processed\\r 21/27 templates processed\\r 22/27 templates processed\\r 23/27 templates processed\\r 24/27 templates processed\\r 25/27 templates processed\\r 26/27 templates processed\\rProcessing data flow in templates...  \\n 0/27 templates processed\\r 1/27 templates processed\\r 2/27 templates processed\\r 3/27 templates processed\\r 4/27 templates processed\\r 5/27 templates processed\\r 6/27 templates processed\\r 7/27 templates processed\\r 8/27 templates processed\\r 9/27 templates processed\\r 10/27 templates processed\\r 11/27 templates processed\\r 12/27 templates processed\\r 13/27 templates processed\\r 14/27 templates processed\\r 15/27 templates processed\\r 16/27 templates processed\\r 17/27 templates processed\\r 18/27 templates processed\\r 19/27 templates processed\\r 20/27 templates processed\\r 21/27 templates processed\\r 22/27 templates processed\\r 23/27 templates processed\\r 24/27 templates processed\\r 25/27 templates processed\\r 26/27 templates processed\\rProcessing models...                  \\n 0/12 files processed\\r 1/12 files processed\\r 2/12 files processed\\r 3/12 files processed\\r 4/12 files processed\\r 5/12 files processed\\r 6/12 files processed\\r 7/12 files processed\\r 8/12 files processed\\r 9/12 files processed\\r 10/12 files processed\\r 11/12 files processed\\rProcessing controllers...             \\n 0/17 files processed\\r 1/17 files processed\\r 2/17 files processed\\r 3/17 files processed\\r 4/17 files processed\\r 5/17 files processed\\r 6/17 files processed\\r 7/17 files processed\\r 8/17 files processed\\r 9/17 files processed\\r 10/17 files processed\\r 11/17 files processed\\r 12/17 files processed\\r 13/17 files processed\\r 14/17 files processed\\r 15/17 files processed\\r 16/17 files processed\\rProcessing data flow in controllers...\\n 0/17 controllers processed\\r 1/17 controllers processed\\r 2/17 controllers processed\\r 3/17 controllers processed\\r 4/17 controllers processed\\r 5/17 controllers processed\\r 6/17 controllers processed\\r 7/17 controllers processed\\r 8/17 controllers processed\\r 9/17 controllers processed\\r 10/17 controllers processed\\r 11/17 controllers processed\\r 12/17 controllers processed\\r 13/17 controllers processed\\r 14/17 controllers processed\\r 15/17 controllers processed\\r 16/17 controllers processed\\rIndexing call sites...                \\nRunning checks in parallel...\\n - CheckBasicAuth\\n - CheckBasicAuthTimingAttack\\n - CheckCrossSiteScripting\\n - CheckContentTag\\n - CheckCookieSerialization\\n - CheckCreateWith\\n - CheckCSRFTokenForgeryCVE\\n - CheckDefaultRoutes\\n - CheckDeserialize\\n - CheckDetailedExceptions\\n - CheckDigestDoS\\n - CheckDynamicFinders\\n - CheckEOLRails\\n - CheckEOLRuby\\n - CheckEscapeFunction\\n - CheckEvaluation\\n - CheckExecute\\n - CheckFileAccess\\n - CheckFileDisclosure\\n - CheckFilterSkipping\\n - CheckForgerySetting\\n - CheckHeaderDoS\\n - CheckI18nXSS\\n - CheckJRubyXML\\n - CheckJSONEncoding\\n - CheckJSONEntityEscape\\n - CheckJSONParsing\\n - CheckLinkTo\\n - CheckLinkToHref\\n - CheckMailTo\\n - CheckMassAssignment\\n - CheckMimeTypeDoS\\n - CheckModelAttrAccessible\\n - CheckModelAttributes\\n - CheckModelSerialize\\n - CheckNestedAttributes\\n - CheckNestedAttributesBypass\\n - CheckNumberToCurrency\\n - CheckPageCachingCVE\\n - CheckPermitAttributes\\n - CheckQuoteTableName\\n - CheckRedirect\\n - CheckRegexDoS\\n - CheckRender\\n - CheckRenderDoS\\n - CheckRenderInline\\n - CheckResponseSplitting\\n - CheckRouteDoS\\n - CheckSafeBufferManipulation\\n - CheckSanitizeMethods\\n - CheckSelectTag\\n - CheckSelectVulnerability\\n - CheckSend\\n - CheckSendFile\\n - CheckSessionManipulation\\n - CheckSessionSettings\\n - CheckSimpleFormat\\n - CheckSingleQuotes\\n - CheckSkipBeforeFilter\\n - CheckSprocketsPathTraversal\\n - CheckSQL\\n - CheckSQLCVEs\\n - CheckSSLVerify\\n - CheckStripTags\\n - CheckSymbolDoSCVE\\n - CheckTemplateInjection\\n - CheckTranslateBug\\n - CheckUnsafeReflection\\n - CheckUnsafeReflectionMethods\\n - CheckValidationRegex\\n - CheckVerbConfusion\\n - CheckWithoutProtection\\n - CheckXMLDoS\\n - CheckYAMLParsing\\nChecks finished, collecting results...\\nGenerating report...\\nReport saved in \'boman_brakeman.json\'\\n"', ']')
2022-07-01 05:34:12-----------------------------------------
2022-07-01 05:34:12--------- DAST STATUS ---------
2022-07-01 05:34:12-SCAN MESSAGE : DAST was not properly defined in the config, Please check your boman.yaml file.
2022-07-01 05:34:12---------------------------------------
2022-07-01 05:34:12--------- SCA STATUS ---------
2022-07-01 05:34:12-SCAN MESSAGE : SCA was not properly defined in the config
2022-07-01 05:34:12---------------------------------------
2022-07-01 05:34:12--------- SECRET SCAN STATUS --------- 
2022-07-01 05:34:12-SCAN MESSAGE : Secret scanning is not properly configured
2022-07-01 05:34:12--------------------------------------
